<?xml version="1.0" encoding="UTF-8"?>
<testng-results ignored="0" total="1" passed="1" failed="0" skipped="0">
  <reporter-output>
  </reporter-output>
  <suite started-at="2024-11-14T15:45:41 IST" name="Default suite" finished-at="2024-11-14T15:45:44 IST" duration-ms="2249">
    <groups>
    </groups>
    <test started-at="2024-11-14T15:45:41 IST" name="Default test" finished-at="2024-11-14T15:45:44 IST" duration-ms="2249">
      <class name="non_BDD.specification_properties">
        <test-method signature="properties()[pri:0, instance:non_BDD.specification_properties@5c5eefef]" started-at="2024-11-14T15:45:41 IST" name="properties" finished-at="2024-11-14T15:45:44 IST" duration-ms="2209" status="PASS">
          <reporter-output>
          </reporter-output>
        </test-method> <!-- properties -->
      </class> <!-- non_BDD.specification_properties -->
    </test> <!-- Default test -->
  </suite> <!-- Default suite -->
</testng-results>
